<?xml version="1.0" encoding="UTF-8"?>
<robot generator="Robot 3.2.2 (Python 3.9.1 on win32)" generated="20210423 12:19:35.160" rpa="false">
<suite id="s1" name="MMTipoDocContableTest" source="C:\Users\usertbs\PycharmProjects\Consensus2.0\TestsCases\MMTipoDocContableTest.robot">
<test id="s1-t1" name="Verify basic LOGIN OK and CREATE NEW Tipo Documento Contable">
<kw name="Start TestCase" library="CommonFunctionality" type="setup">
<kw name="Open Browser" library="SeleniumLibrary">
<doc>Opens a new browser instance to the optional ``url``.</doc>
<arguments>
<arg>${url.${env}}</arg>
<arg>chrome</arg>
</arguments>
<msg timestamp="20210423 12:19:35.488" level="INFO">Opening browser 'chrome' to base url 'http://192.168.27.90:1102/latest/'.</msg>
<kw name="Capture Page Screenshot" library="SeleniumLibrary">
<doc>Takes a screenshot of the current page and embeds it into a log file.</doc>
<msg timestamp="20210423 12:19:41.519" level="INFO">Cannot capture screenshot because no browser is open.</msg>
<status status="PASS" starttime="20210423 12:19:41.519" endtime="20210423 12:19:41.519"></status>
</kw>
<msg timestamp="20210423 12:19:41.535" level="FAIL">SessionNotCreatedException: Message: session not created: This version of ChromeDriver only supports Chrome version 88
Current browser version is 90.0.4430.85 with binary path C:\Program Files (x86)\Google\Chrome\Application\chrome.exe
</msg>
<status status="FAIL" starttime="20210423 12:19:35.488" endtime="20210423 12:19:41.535"></status>
</kw>
<status status="FAIL" starttime="20210423 12:19:35.488" endtime="20210423 12:19:41.535"></status>
</kw>
<kw name="Finish TestCase" library="CommonFunctionality" type="teardown">
<kw name="Close Browser" library="SeleniumLibrary">
<doc>Closes the current browser.</doc>
<status status="PASS" starttime="20210423 12:19:41.535" endtime="20210423 12:19:41.550"></status>
</kw>
<status status="PASS" starttime="20210423 12:19:41.535" endtime="20210423 12:19:41.550"></status>
</kw>
<doc>This test case verifies logIN OK and create new Tipo Documento Contable</doc>
<tags>
<tag>Functional</tag>
</tags>
<status status="FAIL" starttime="20210423 12:19:35.488" endtime="20210423 12:19:41.550" critical="yes">Setup failed:
SessionNotCreatedException: Message: session not created: This version of ChromeDriver only supports Chrome version 88
Current browser version is 90.0.4430.85 with binary path C:\Program Files (x86)\Google\Chrome\Application\chrome.exe
</status>
</test>
<test id="s1-t2" name="Verify basic LOGIN OK and EDIT Tipo Documento Contable">
<kw name="Start TestCase" library="CommonFunctionality" type="setup">
<kw name="Open Browser" library="SeleniumLibrary">
<doc>Opens a new browser instance to the optional ``url``.</doc>
<arguments>
<arg>${url.${env}}</arg>
<arg>chrome</arg>
</arguments>
<msg timestamp="20210423 12:19:41.550" level="INFO">Opening browser 'chrome' to base url 'http://192.168.27.90:1102/latest/'.</msg>
<kw name="Capture Page Screenshot" library="SeleniumLibrary">
<doc>Takes a screenshot of the current page and embeds it into a log file.</doc>
<msg timestamp="20210423 12:19:45.269" level="INFO">Cannot capture screenshot because no browser is open.</msg>
<status status="PASS" starttime="20210423 12:19:45.269" endtime="20210423 12:19:45.269"></status>
</kw>
<msg timestamp="20210423 12:19:45.269" level="FAIL">SessionNotCreatedException: Message: session not created: This version of ChromeDriver only supports Chrome version 88
Current browser version is 90.0.4430.85 with binary path C:\Program Files (x86)\Google\Chrome\Application\chrome.exe
</msg>
<status status="FAIL" starttime="20210423 12:19:41.550" endtime="20210423 12:19:45.269"></status>
</kw>
<status status="FAIL" starttime="20210423 12:19:41.550" endtime="20210423 12:19:45.269"></status>
</kw>
<kw name="Finish TestCase" library="CommonFunctionality" type="teardown">
<kw name="Close Browser" library="SeleniumLibrary">
<doc>Closes the current browser.</doc>
<status status="PASS" starttime="20210423 12:19:45.269" endtime="20210423 12:19:45.269"></status>
</kw>
<status status="PASS" starttime="20210423 12:19:45.269" endtime="20210423 12:19:45.269"></status>
</kw>
<doc>This test case verifies logIN OK and Edit Tipo Documento Contable</doc>
<tags>
<tag>Functional</tag>
</tags>
<status status="FAIL" starttime="20210423 12:19:41.550" endtime="20210423 12:19:45.269" critical="yes">Setup failed:
SessionNotCreatedException: Message: session not created: This version of ChromeDriver only supports Chrome version 88
Current browser version is 90.0.4430.85 with binary path C:\Program Files (x86)\Google\Chrome\Application\chrome.exe
</status>
</test>
<test id="s1-t3" name="Verify basic LOGIN OK and DELETE Tipo Documento Contable">
<kw name="Start TestCase" library="CommonFunctionality" type="setup">
<kw name="Open Browser" library="SeleniumLibrary">
<doc>Opens a new browser instance to the optional ``url``.</doc>
<arguments>
<arg>${url.${env}}</arg>
<arg>chrome</arg>
</arguments>
<msg timestamp="20210423 12:19:45.285" level="INFO">Opening browser 'chrome' to base url 'http://192.168.27.90:1102/latest/'.</msg>
<kw name="Capture Page Screenshot" library="SeleniumLibrary">
<doc>Takes a screenshot of the current page and embeds it into a log file.</doc>
<msg timestamp="20210423 12:19:48.926" level="INFO">Cannot capture screenshot because no browser is open.</msg>
<status status="PASS" starttime="20210423 12:19:48.926" endtime="20210423 12:19:48.926"></status>
</kw>
<msg timestamp="20210423 12:19:48.926" level="FAIL">SessionNotCreatedException: Message: session not created: This version of ChromeDriver only supports Chrome version 88
Current browser version is 90.0.4430.85 with binary path C:\Program Files (x86)\Google\Chrome\Application\chrome.exe
</msg>
<status status="FAIL" starttime="20210423 12:19:45.285" endtime="20210423 12:19:48.926"></status>
</kw>
<status status="FAIL" starttime="20210423 12:19:45.269" endtime="20210423 12:19:48.926"></status>
</kw>
<kw name="Finish TestCase" library="CommonFunctionality" type="teardown">
<kw name="Close Browser" library="SeleniumLibrary">
<doc>Closes the current browser.</doc>
<status status="PASS" starttime="20210423 12:19:48.926" endtime="20210423 12:19:48.941"></status>
</kw>
<status status="PASS" starttime="20210423 12:19:48.926" endtime="20210423 12:19:48.941"></status>
</kw>
<doc>This test case verifies logIN OK and Delete Tipo Documento Contable</doc>
<tags>
<tag>Functional</tag>
</tags>
<status status="FAIL" starttime="20210423 12:19:45.269" endtime="20210423 12:19:48.941" critical="yes">Setup failed:
SessionNotCreatedException: Message: session not created: This version of ChromeDriver only supports Chrome version 88
Current browser version is 90.0.4430.85 with binary path C:\Program Files (x86)\Google\Chrome\Application\chrome.exe
</status>
</test>
<doc>Basic LogIN Functionality</doc>
<status status="FAIL" starttime="20210423 12:19:35.160" endtime="20210423 12:19:48.957"></status>
</suite>
<statistics>
<total>
<stat pass="0" fail="3">Critical Tests</stat>
<stat pass="0" fail="3">All Tests</stat>
</total>
<tag>
<stat pass="0" fail="3">Functional</stat>
</tag>
<suite>
<stat pass="0" fail="3" id="s1" name="MMTipoDocContableTest">MMTipoDocContableTest</stat>
</suite>
</statistics>
<errors>
</errors>
</robot>
